[debug] > Exec(early(addDefaultCommands), None, None)
[debug] > Exec(addDefaultCommands, None, None)
[debug] > Exec(early(initialize), None, None)
[debug] > Exec(initialize, None, None)
[debug] > Exec(boot, None, None)
[debug] > Exec(writeSbtVersion, None, None)
[debug] > Exec(reload, None, None)
[debug] > Exec(sbtStashOnFailure, None, None)
[debug] > Exec(onFailure loadFailed, None, None)
[debug] > Exec(loadp, None, None)
[info] welcome to sbt 1.4.2 (Oracle Corporation Java 1.8.0_201)
[debug]       Load.loadUnit: plugins took 186.03213ms
[debug]       Load.loadUnit: defsScala took 0.311887ms
[debug] [Loading] Scanning directory C:\Users\Administrator\.sbt\1.0\plugins
[debug] [Loading] Found non-root projects 
[debug] [Loading] Done in C:\Users\Administrator\.sbt\1.0\plugins, returning: ()
[debug] deducing auto plugins based on known facts Set(Atom(sbt.plugins.CorePlugin)) and clauses Clauses(List(Clause(Atom(sbt.plugins.JvmPlugin),Set(Atom(sbt.plugins.IvyPlugin))), Clause(Atom(sbt.ScriptedPlugin),Set(Atom(sbt.plugins.JvmPlugin))), Clause(Atom(sbt.plugins.SbtPlugin),Set(Atom(sbt.ScriptedPlugin))), Clause(Atom(sbt.plugins.SemanticdbPlugin),Set(Atom(sbt.plugins.JvmPlugin))), Clause(Atom(sbt.plugins.JUnitXmlReportPlugin),Set(Atom(sbt.plugins.JvmPlugin))), Clause(Atom(sbt.plugins.MiniDependencyTreePlugin),Set(Atom(sbt.plugins.JvmPlugin))), Clause(Atom(sbt.plugins.CorePlugin),Set(Atom(sbt.plugins.IvyPlugin))), Clause(Atom(sbt.plugins.IvyPlugin),Set(Atom(sbt.plugins.JvmPlugin))), Clause(Atom(sbt.plugins.JvmPlugin),Set(Atom(sbt.plugins.SemanticdbPlugin))), Clause(Atom(sbt.plugins.JvmPlugin),Set(Atom(sbt.plugins.JUnitXmlReportPlugin))), Clause(Atom(sbt.plugins.CorePlugin),Set(Atom(sbt.plugins.Giter8TemplatePlugin))), Clause(Atom(sbt.plugins.JvmPlugin),Set(Atom(sbt.plugins.MiniDependencyTreePlugin)))))
[debug]   :: deduced result: Matched(sbt.plugins.CorePlugin,sbt.plugins.Giter8TemplatePlugin,sbt.plugins.IvyPlugin,sbt.plugins.JvmPlugin,sbt.plugins.MiniDependencyTreePlugin,sbt.plugins.JUnitXmlReportPlugin,sbt.plugins.SemanticdbPlugin)
[debug] Plugins.deducer#function took 17.567856 ms
[debug]           Load.resolveProject(global-plugins) took 41.01019ms
[debug]         Load.loadTransitive: finalizeProject(Project(id global-plugins, base: C:\Users\Administrator\.sbt\1.0\plugins, plugins: List(<none>))) took 80.377714ms
[debug] [Loading] Done in C:\Users\Administrator\.sbt\1.0\plugins, returning: (global-plugins)
[debug]       Load.loadUnit: loadedProjectsRaw took 99.455729ms
[debug]       Load.loadUnit: cleanEvalClasses took 0.209728ms
[debug]     Load.loadUnit(file:/C:/Users/Administrator/.sbt/1.0/plugins/, ...) took 292.560314ms
[debug]   Load.apply: load took 423.352615ms
[debug]   Load.apply: resolveProjects took 5.026856ms
[debug]   Load.apply: finalTransforms took 53.640429ms
[debug]   Load.apply: config.delegates took 7.835946ms
[debug]   Load.apply: Def.make(settings)... took 1038.122978ms
[debug]   Load.apply: structureIndex took 110.780428ms
[debug]   Load.apply: mkStreams took 1.446761ms
[info] loading global plugins from C:\Users\Administrator\.sbt\1.0\plugins
[debug] Running task... Cancel: Signal, check cycles: false, forcegc: true
[debug] Load.defaultLoad until apply took 301185.328432ms
[debug]           Load.loadUnit: plugins took 28.068665ms
[debug]           Load.loadUnit: defsScala took 0.002703ms
[debug] [Loading] Scanning directory C:\Users\Administrator\IdeaProjects\zookeeper\project
[debug] [Loading] Found non-root projects 
[debug] [Loading] Done in C:\Users\Administrator\IdeaProjects\zookeeper\project, returning: ()
[debug] deducing auto plugins based on known facts Set(Atom(sbt.plugins.CorePlugin)) and clauses Clauses(List(Clause(Atom(sbt.plugins.JvmPlugin),Set(Atom(sbt.plugins.IvyPlugin))), Clause(Atom(sbt.ScriptedPlugin),Set(Atom(sbt.plugins.JvmPlugin))), Clause(Atom(sbt.plugins.SbtPlugin),Set(Atom(sbt.ScriptedPlugin))), Clause(Atom(sbt.plugins.SemanticdbPlugin),Set(Atom(sbt.plugins.JvmPlugin))), Clause(Atom(sbt.plugins.JUnitXmlReportPlugin),Set(Atom(sbt.plugins.JvmPlugin))), Clause(Atom(sbt.plugins.MiniDependencyTreePlugin),Set(Atom(sbt.plugins.JvmPlugin))), Clause(Atom(sbt.plugins.CorePlugin),Set(Atom(sbt.plugins.IvyPlugin))), Clause(Atom(sbt.plugins.IvyPlugin),Set(Atom(sbt.plugins.JvmPlugin))), Clause(Atom(sbt.plugins.JvmPlugin),Set(Atom(sbt.plugins.SemanticdbPlugin))), Clause(Atom(sbt.plugins.JvmPlugin),Set(Atom(sbt.plugins.JUnitXmlReportPlugin))), Clause(Atom(sbt.plugins.CorePlugin),Set(Atom(sbt.plugins.Giter8TemplatePlugin))), Clause(Atom(sbt.plugins.JvmPlugin),Set(Atom(sbt.plugins.MiniDependencyTreePlugin)))))
[debug]   :: deduced result: Matched(sbt.plugins.CorePlugin,sbt.plugins.Giter8TemplatePlugin,sbt.plugins.IvyPlugin,sbt.plugins.JvmPlugin,sbt.plugins.MiniDependencyTreePlugin,sbt.plugins.JUnitXmlReportPlugin,sbt.plugins.SemanticdbPlugin)
[debug] Plugins.deducer#function took 1.492131 ms
[debug]               Load.resolveProject(zookeeper-build) took 1.044432ms
[debug]             Load.loadTransitive: finalizeProject(Project(id zookeeper-build, base: C:\Users\Administrator\IdeaProjects\zookeeper\project, plugins: List(<none>))) took 2.91726ms
[debug] [Loading] Done in C:\Users\Administrator\IdeaProjects\zookeeper\project, returning: (zookeeper-build)
[debug]           Load.loadUnit: loadedProjectsRaw took 4.391363ms
[debug]           Load.loadUnit: cleanEvalClasses took 0.008414ms
[debug]         Load.loadUnit(file:/C:/Users/Administrator/IdeaProjects/zookeeper/project/, ...) took 33.624348ms
[debug]       Load.apply: load took 34.912762ms
[debug]       Load.apply: resolveProjects took 0.124695ms
[debug]       Load.apply: finalTransforms took 9.049543ms
[debug]       Load.apply: config.delegates took 0.373484ms
[debug]       Load.apply: Def.make(settings)... took 82.475593ms
[debug]       Load.apply: structureIndex took 25.075387ms
[debug]       Load.apply: mkStreams took 0.003005ms
[info] loading project definition from C:\Users\Administrator\IdeaProjects\zookeeper\project
[debug] Running task... Cancel: Signal, check cycles: false, forcegc: true
[debug]     Load.loadUnit: plugins took 935.396338ms
[debug]     Load.loadUnit: defsScala took 0.003305ms
[debug] [Loading] Scanning directory C:\Users\Administrator\IdeaProjects\zookeeper
[debug]       Load.loadUnit: mkEval took 9.923909ms
[debug] [Loading] Found non-root projects 
[debug] [Loading] Done in C:\Users\Administrator\IdeaProjects\zookeeper, returning: ()
[debug] deducing auto plugins based on known facts Set(Atom(sbt.plugins.CorePlugin)) and clauses Clauses(List(Clause(Atom(sbt.plugins.JvmPlugin),Set(Atom(sbt.plugins.IvyPlugin))), Clause(Atom(sbt.ScriptedPlugin),Set(Atom(sbt.plugins.JvmPlugin))), Clause(Atom(sbt.plugins.SbtPlugin),Set(Atom(sbt.ScriptedPlugin))), Clause(Atom(sbt.plugins.SemanticdbPlugin),Set(Atom(sbt.plugins.JvmPlugin))), Clause(Atom(sbt.plugins.JUnitXmlReportPlugin),Set(Atom(sbt.plugins.JvmPlugin))), Clause(Atom(sbt.plugins.MiniDependencyTreePlugin),Set(Atom(sbt.plugins.JvmPlugin))), Clause(Atom(sbt.plugins.CorePlugin),Set(Atom(sbt.plugins.IvyPlugin))), Clause(Atom(sbt.plugins.IvyPlugin),Set(Atom(sbt.plugins.JvmPlugin))), Clause(Atom(sbt.plugins.JvmPlugin),Set(Atom(sbt.plugins.SemanticdbPlugin))), Clause(Atom(sbt.plugins.JvmPlugin),Set(Atom(sbt.plugins.JUnitXmlReportPlugin))), Clause(Atom(sbt.plugins.CorePlugin),Set(Atom(sbt.plugins.Giter8TemplatePlugin))), Clause(Atom(sbt.plugins.JvmPlugin),Set(Atom(sbt.plugins.MiniDependencyTreePlugin)))))
[debug]   :: deduced result: Matched(sbt.plugins.CorePlugin,sbt.plugins.Giter8TemplatePlugin,sbt.plugins.IvyPlugin,sbt.plugins.JvmPlugin,sbt.plugins.MiniDependencyTreePlugin,sbt.plugins.JUnitXmlReportPlugin,sbt.plugins.SemanticdbPlugin)
[debug] Plugins.deducer#function took 1.334385 ms
[info] loading settings for project zookeeper from build.sbt ...
[debug]         Load.resolveProject(zookeeper) took 3.063889ms
[debug]       Load.loadTransitive: finalizeProject(Project(id zookeeper, base: C:\Users\Administrator\IdeaProjects\zookeeper, plugins: List(<none>))) took 4.980583ms
[debug] [Loading] Done in C:\Users\Administrator\IdeaProjects\zookeeper, returning: (zookeeper)
[debug]     Load.loadUnit: loadedProjectsRaw took 1802.672016ms
[debug]     Load.loadUnit: cleanEvalClasses took 7.295401ms
[debug]   Load.loadUnit(file:/C:/Users/Administrator/IdeaProjects/zookeeper/, ...) took 2746.46768ms
[debug] Load.apply: load took 2747.682478ms
[debug] Load.apply: resolveProjects took 0.111174ms
[debug] Load.apply: finalTransforms took 6.598612ms
[debug] Load.apply: config.delegates took 0.423061ms
[debug] Load.apply: Def.make(settings)... took 49.634869ms
[debug] Load.apply: structureIndex took 18.527554ms
[debug] Load.apply: mkStreams took 0.002403ms
[info] set current project to zookeeper (in build file:/C:/Users/Administrator/IdeaProjects/zookeeper/)
[debug] > Exec(sbtPopOnFailure, None, None)
[debug] > Exec(resumeFromFailure, None, None)
[debug] > Exec(notifyUsersAboutShell, None, None)
[debug] > Exec(iflast shell, None, None)
[debug] > Exec(shell, None, None)
[info] sbt server started at local:sbt-server-77d0b77395c48c5b4494
[debug] Forcing garbage collection...
