[debug] > Exec(early(addDefaultCommands), None, None)
[debug] > Exec(addDefaultCommands, None, None)
[debug] > Exec(early(initialize), None, None)
[debug] > Exec(initialize, None, None)
[debug] > Exec(boot, None, None)
[debug] > Exec(writeSbtVersion, None, None)
[debug] > Exec(reload, None, None)
[debug] > Exec(sbtStashOnFailure, None, None)
[debug] > Exec(onFailure loadFailed, None, None)
[debug] > Exec(loadp, None, None)
[info] welcome to sbt 1.4.2 (Oracle Corporation Java 1.8.0_201)
[debug]       Load.loadUnit: plugins took 182.94691ms
[debug]       Load.loadUnit: defsScala took 0.397521ms
[debug] [Loading] Scanning directory C:\Users\Administrator\.sbt\1.0\plugins
[debug] [Loading] Found non-root projects 
[debug] [Loading] Done in C:\Users\Administrator\.sbt\1.0\plugins, returning: ()
[debug] deducing auto plugins based on known facts Set(Atom(sbt.plugins.CorePlugin)) and clauses Clauses(List(Clause(Atom(sbt.plugins.JvmPlugin),Set(Atom(sbt.plugins.IvyPlugin))), Clause(Atom(sbt.ScriptedPlugin),Set(Atom(sbt.plugins.JvmPlugin))), Clause(Atom(sbt.plugins.SbtPlugin),Set(Atom(sbt.ScriptedPlugin))), Clause(Atom(sbt.plugins.SemanticdbPlugin),Set(Atom(sbt.plugins.JvmPlugin))), Clause(Atom(sbt.plugins.JUnitXmlReportPlugin),Set(Atom(sbt.plugins.JvmPlugin))), Clause(Atom(sbt.plugins.MiniDependencyTreePlugin),Set(Atom(sbt.plugins.JvmPlugin))), Clause(Atom(sbt.plugins.CorePlugin),Set(Atom(sbt.plugins.IvyPlugin))), Clause(Atom(sbt.plugins.IvyPlugin),Set(Atom(sbt.plugins.JvmPlugin))), Clause(Atom(sbt.plugins.JvmPlugin),Set(Atom(sbt.plugins.SemanticdbPlugin))), Clause(Atom(sbt.plugins.JvmPlugin),Set(Atom(sbt.plugins.JUnitXmlReportPlugin))), Clause(Atom(sbt.plugins.CorePlugin),Set(Atom(sbt.plugins.Giter8TemplatePlugin))), Clause(Atom(sbt.plugins.JvmPlugin),Set(Atom(sbt.plugins.MiniDependencyTreePlugin)))))
[debug]   :: deduced result: Matched(sbt.plugins.CorePlugin,sbt.plugins.Giter8TemplatePlugin,sbt.plugins.IvyPlugin,sbt.plugins.JvmPlugin,sbt.plugins.MiniDependencyTreePlugin,sbt.plugins.JUnitXmlReportPlugin,sbt.plugins.SemanticdbPlugin)
[debug] Plugins.deducer#function took 21.453228 ms
[debug]           Load.resolveProject(global-plugins) took 44.458079ms
[debug]         Load.loadTransitive: finalizeProject(Project(id global-plugins, base: C:\Users\Administrator\.sbt\1.0\plugins, plugins: List(<none>))) took 91.146244ms
[debug] [Loading] Done in C:\Users\Administrator\.sbt\1.0\plugins, returning: (global-plugins)
[debug]       Load.loadUnit: loadedProjectsRaw took 114.701856ms
[debug]       Load.loadUnit: cleanEvalClasses took 0.508095ms
[debug]     Load.loadUnit(file:/C:/Users/Administrator/.sbt/1.0/plugins/, ...) took 307.831078ms
[debug]   Load.apply: load took 468.386394ms
[debug]   Load.apply: resolveProjects took 6.399702ms
[debug]   Load.apply: finalTransforms took 60.380864ms
[debug]   Load.apply: config.delegates took 7.322744ms
[debug]   Load.apply: Def.make(settings)... took 1027.08613ms
[debug]   Load.apply: structureIndex took 106.520671ms
[debug]   Load.apply: mkStreams took 1.905879ms
[info] loading global plugins from C:\Users\Administrator\.sbt\1.0\plugins
[debug] Running task... Cancel: Signal, check cycles: false, forcegc: true
[debug] Load.defaultLoad until apply took 3117.23241ms
[debug]           Load.loadUnit: plugins took 28.032308ms
[debug]           Load.loadUnit: defsScala took 0.002703ms
[debug] [Loading] Scanning directory C:\Users\Administrator\IdeaProjects\zookeeper\project
[debug] [Loading] Found non-root projects 
[debug] [Loading] Done in C:\Users\Administrator\IdeaProjects\zookeeper\project, returning: ()
[debug] deducing auto plugins based on known facts Set(Atom(sbt.plugins.CorePlugin)) and clauses Clauses(List(Clause(Atom(sbt.plugins.JvmPlugin),Set(Atom(sbt.plugins.IvyPlugin))), Clause(Atom(sbt.ScriptedPlugin),Set(Atom(sbt.plugins.JvmPlugin))), Clause(Atom(sbt.plugins.SbtPlugin),Set(Atom(sbt.ScriptedPlugin))), Clause(Atom(sbt.plugins.SemanticdbPlugin),Set(Atom(sbt.plugins.JvmPlugin))), Clause(Atom(sbt.plugins.JUnitXmlReportPlugin),Set(Atom(sbt.plugins.JvmPlugin))), Clause(Atom(sbt.plugins.MiniDependencyTreePlugin),Set(Atom(sbt.plugins.JvmPlugin))), Clause(Atom(sbt.plugins.CorePlugin),Set(Atom(sbt.plugins.IvyPlugin))), Clause(Atom(sbt.plugins.IvyPlugin),Set(Atom(sbt.plugins.JvmPlugin))), Clause(Atom(sbt.plugins.JvmPlugin),Set(Atom(sbt.plugins.SemanticdbPlugin))), Clause(Atom(sbt.plugins.JvmPlugin),Set(Atom(sbt.plugins.JUnitXmlReportPlugin))), Clause(Atom(sbt.plugins.CorePlugin),Set(Atom(sbt.plugins.Giter8TemplatePlugin))), Clause(Atom(sbt.plugins.JvmPlugin),Set(Atom(sbt.plugins.MiniDependencyTreePlugin)))))
[debug]   :: deduced result: Matched(sbt.plugins.CorePlugin,sbt.plugins.Giter8TemplatePlugin,sbt.plugins.IvyPlugin,sbt.plugins.JvmPlugin,sbt.plugins.MiniDependencyTreePlugin,sbt.plugins.JUnitXmlReportPlugin,sbt.plugins.SemanticdbPlugin)
[debug] Plugins.deducer#function took 1.466292 ms
[debug]               Load.resolveProject(zookeeper-build) took 0.935963ms
[debug]             Load.loadTransitive: finalizeProject(Project(id zookeeper-build, base: C:\Users\Administrator\IdeaProjects\zookeeper\project, plugins: List(<none>))) took 2.791363ms
[debug] [Loading] Done in C:\Users\Administrator\IdeaProjects\zookeeper\project, returning: (zookeeper-build)
[debug]           Load.loadUnit: loadedProjectsRaw took 4.152489ms
[debug]           Load.loadUnit: cleanEvalClasses took 0.007812ms
[debug]         Load.loadUnit(file:/C:/Users/Administrator/IdeaProjects/zookeeper/project/, ...) took 33.11355ms
[debug]       Load.apply: load took 34.196442ms
[debug]       Load.apply: resolveProjects took 0.133409ms
[debug]       Load.apply: finalTransforms took 7.897241ms
[debug]       Load.apply: config.delegates took 0.42847ms
[debug]       Load.apply: Def.make(settings)... took 64.89662ms
[debug]       Load.apply: structureIndex took 30.34262ms
[debug]       Load.apply: mkStreams took 0.002404ms
[info] loading project definition from C:\Users\Administrator\IdeaProjects\zookeeper\project
[debug] Running task... Cancel: Signal, check cycles: false, forcegc: true
[debug]     Load.loadUnit: plugins took 360.141028ms
[debug]     Load.loadUnit: defsScala took 0.004207ms
[debug] [Loading] Scanning directory C:\Users\Administrator\IdeaProjects\zookeeper
[debug]       Load.loadUnit: mkEval took 9.407702ms
[debug] [Loading] Found non-root projects 
[debug] [Loading] Done in C:\Users\Administrator\IdeaProjects\zookeeper, returning: ()
[debug] deducing auto plugins based on known facts Set(Atom(sbt.plugins.CorePlugin)) and clauses Clauses(List(Clause(Atom(sbt.plugins.JvmPlugin),Set(Atom(sbt.plugins.IvyPlugin))), Clause(Atom(sbt.ScriptedPlugin),Set(Atom(sbt.plugins.JvmPlugin))), Clause(Atom(sbt.plugins.SbtPlugin),Set(Atom(sbt.ScriptedPlugin))), Clause(Atom(sbt.plugins.SemanticdbPlugin),Set(Atom(sbt.plugins.JvmPlugin))), Clause(Atom(sbt.plugins.JUnitXmlReportPlugin),Set(Atom(sbt.plugins.JvmPlugin))), Clause(Atom(sbt.plugins.MiniDependencyTreePlugin),Set(Atom(sbt.plugins.JvmPlugin))), Clause(Atom(sbt.plugins.CorePlugin),Set(Atom(sbt.plugins.IvyPlugin))), Clause(Atom(sbt.plugins.IvyPlugin),Set(Atom(sbt.plugins.JvmPlugin))), Clause(Atom(sbt.plugins.JvmPlugin),Set(Atom(sbt.plugins.SemanticdbPlugin))), Clause(Atom(sbt.plugins.JvmPlugin),Set(Atom(sbt.plugins.JUnitXmlReportPlugin))), Clause(Atom(sbt.plugins.CorePlugin),Set(Atom(sbt.plugins.Giter8TemplatePlugin))), Clause(Atom(sbt.plugins.JvmPlugin),Set(Atom(sbt.plugins.MiniDependencyTreePlugin)))))
[debug]   :: deduced result: Matched(sbt.plugins.CorePlugin,sbt.plugins.Giter8TemplatePlugin,sbt.plugins.IvyPlugin,sbt.plugins.JvmPlugin,sbt.plugins.MiniDependencyTreePlugin,sbt.plugins.JUnitXmlReportPlugin,sbt.plugins.SemanticdbPlugin)
[debug] Plugins.deducer#function took 1.873428 ms
[info] loading settings for project zookeeper from build.sbt ...
[debug]         Load.resolveProject(zookeeper) took 3.373072ms
[debug]       Load.loadTransitive: finalizeProject(Project(id zookeeper, base: C:\Users\Administrator\IdeaProjects\zookeeper, plugins: List(<none>))) took 5.883195ms
[debug] [Loading] Done in C:\Users\Administrator\IdeaProjects\zookeeper, returning: (zookeeper)
[debug]     Load.loadUnit: loadedProjectsRaw took 109.756127ms
[debug]     Load.loadUnit: cleanEvalClasses took 8.896003ms
[debug]   Load.loadUnit(file:/C:/Users/Administrator/IdeaProjects/zookeeper/, ...) took 479.648896ms
[debug] Load.apply: load took 480.756426ms
[debug] Load.apply: resolveProjects took 0.115981ms
[debug] Load.apply: finalTransforms took 9.338594ms
[debug] Load.apply: config.delegates took 0.417954ms
[debug] Load.apply: Def.make(settings)... took 101.468875ms
[debug] Load.apply: structureIndex took 20.668101ms
[debug] Load.apply: mkStreams took 0.003005ms
[info] set current project to zookeeper (in build file:/C:/Users/Administrator/IdeaProjects/zookeeper/)
[debug] > Exec(sbtPopOnFailure, None, None)
[debug] > Exec(resumeFromFailure, None, None)
[debug] > Exec(notifyUsersAboutShell, None, None)
[debug] > Exec(iflast shell, None, None)
[debug] > Exec(shell, None, None)
[info] sbt server started at local:sbt-server-77d0b77395c48c5b4494
