[debug] > Exec(early(addDefaultCommands), None, None)
[debug] > Exec(addDefaultCommands, None, None)
[debug] > Exec(early(initialize), None, None)
[debug] > Exec(initialize, None, None)
[debug] > Exec(boot, None, None)
[debug] > Exec(writeSbtVersion, None, None)
[debug] > Exec(reload, None, None)
[debug] > Exec(sbtStashOnFailure, None, None)
[debug] > Exec(onFailure loadFailed, None, None)
[debug] > Exec(loadp, None, None)
[info] welcome to sbt 1.4.2 (Oracle Corporation Java 1.8.0_201)
[debug]       Load.loadUnit: plugins took 247.311699ms
[debug]       Load.loadUnit: defsScala took 0.445597ms
[debug] [Loading] Scanning directory C:\Users\Administrator\.sbt\1.0\plugins
[debug] [Loading] Found non-root projects 
[debug] [Loading] Done in C:\Users\Administrator\.sbt\1.0\plugins, returning: ()
[debug] deducing auto plugins based on known facts Set(Atom(sbt.plugins.CorePlugin)) and clauses Clauses(List(Clause(Atom(sbt.plugins.JvmPlugin),Set(Atom(sbt.plugins.IvyPlugin))), Clause(Atom(sbt.ScriptedPlugin),Set(Atom(sbt.plugins.JvmPlugin))), Clause(Atom(sbt.plugins.SbtPlugin),Set(Atom(sbt.ScriptedPlugin))), Clause(Atom(sbt.plugins.SemanticdbPlugin),Set(Atom(sbt.plugins.JvmPlugin))), Clause(Atom(sbt.plugins.JUnitXmlReportPlugin),Set(Atom(sbt.plugins.JvmPlugin))), Clause(Atom(sbt.plugins.MiniDependencyTreePlugin),Set(Atom(sbt.plugins.JvmPlugin))), Clause(Atom(sbt.plugins.CorePlugin),Set(Atom(sbt.plugins.IvyPlugin))), Clause(Atom(sbt.plugins.IvyPlugin),Set(Atom(sbt.plugins.JvmPlugin))), Clause(Atom(sbt.plugins.JvmPlugin),Set(Atom(sbt.plugins.SemanticdbPlugin))), Clause(Atom(sbt.plugins.JvmPlugin),Set(Atom(sbt.plugins.JUnitXmlReportPlugin))), Clause(Atom(sbt.plugins.CorePlugin),Set(Atom(sbt.plugins.Giter8TemplatePlugin))), Clause(Atom(sbt.plugins.JvmPlugin),Set(Atom(sbt.plugins.MiniDependencyTreePlugin)))))
[debug]   :: deduced result: Matched(sbt.plugins.CorePlugin,sbt.plugins.Giter8TemplatePlugin,sbt.plugins.IvyPlugin,sbt.plugins.JvmPlugin,sbt.plugins.MiniDependencyTreePlugin,sbt.plugins.JUnitXmlReportPlugin,sbt.plugins.SemanticdbPlugin)
[debug] Plugins.deducer#function took 18.165489 ms
[debug]           Load.resolveProject(global-plugins) took 38.592311ms
[debug]         Load.loadTransitive: finalizeProject(Project(id global-plugins, base: C:\Users\Administrator\.sbt\1.0\plugins, plugins: List(<none>))) took 80.017451ms
[debug] [Loading] Done in C:\Users\Administrator\.sbt\1.0\plugins, returning: (global-plugins)
[debug]       Load.loadUnit: loadedProjectsRaw took 101.958942ms
[debug]       Load.loadUnit: cleanEvalClasses took 0.208225ms
[debug]     Load.loadUnit(file:/C:/Users/Administrator/.sbt/1.0/plugins/, ...) took 357.777235ms
[debug]   Load.apply: load took 502.766424ms
[debug]   Load.apply: resolveProjects took 6.487739ms
[debug]   Load.apply: finalTransforms took 52.853198ms
[debug]   Load.apply: config.delegates took 7.741898ms
[debug]   Load.apply: Def.make(settings)... took 863.013818ms
[debug]   Load.apply: structureIndex took 95.988611ms
[debug]   Load.apply: mkStreams took 1.279399ms
[info] loading global plugins from C:\Users\Administrator\.sbt\1.0\plugins
[debug] Running task... Cancel: Signal, check cycles: false, forcegc: true
[debug] Load.defaultLoad until apply took 3051.26041ms
[debug]           Load.loadUnit: plugins took 27.154036ms
[debug]           Load.loadUnit: defsScala took 0.002403ms
[debug] [Loading] Scanning directory C:\Users\Administrator\IdeaProjects\zookeeper\project
[debug] [Loading] Found non-root projects 
[debug] [Loading] Done in C:\Users\Administrator\IdeaProjects\zookeeper\project, returning: ()
[debug] deducing auto plugins based on known facts Set(Atom(sbt.plugins.CorePlugin)) and clauses Clauses(List(Clause(Atom(sbt.plugins.JvmPlugin),Set(Atom(sbt.plugins.IvyPlugin))), Clause(Atom(sbt.ScriptedPlugin),Set(Atom(sbt.plugins.JvmPlugin))), Clause(Atom(sbt.plugins.SbtPlugin),Set(Atom(sbt.ScriptedPlugin))), Clause(Atom(sbt.plugins.SemanticdbPlugin),Set(Atom(sbt.plugins.JvmPlugin))), Clause(Atom(sbt.plugins.JUnitXmlReportPlugin),Set(Atom(sbt.plugins.JvmPlugin))), Clause(Atom(sbt.plugins.MiniDependencyTreePlugin),Set(Atom(sbt.plugins.JvmPlugin))), Clause(Atom(sbt.plugins.CorePlugin),Set(Atom(sbt.plugins.IvyPlugin))), Clause(Atom(sbt.plugins.IvyPlugin),Set(Atom(sbt.plugins.JvmPlugin))), Clause(Atom(sbt.plugins.JvmPlugin),Set(Atom(sbt.plugins.SemanticdbPlugin))), Clause(Atom(sbt.plugins.JvmPlugin),Set(Atom(sbt.plugins.JUnitXmlReportPlugin))), Clause(Atom(sbt.plugins.CorePlugin),Set(Atom(sbt.plugins.Giter8TemplatePlugin))), Clause(Atom(sbt.plugins.JvmPlugin),Set(Atom(sbt.plugins.MiniDependencyTreePlugin)))))
[debug]   :: deduced result: Matched(sbt.plugins.CorePlugin,sbt.plugins.Giter8TemplatePlugin,sbt.plugins.IvyPlugin,sbt.plugins.JvmPlugin,sbt.plugins.MiniDependencyTreePlugin,sbt.plugins.JUnitXmlReportPlugin,sbt.plugins.SemanticdbPlugin)
[debug] Plugins.deducer#function took 2.093072 ms
[debug]               Load.resolveProject(zookeeper-build) took 1.204883ms
[debug]             Load.loadTransitive: finalizeProject(Project(id zookeeper-build, base: C:\Users\Administrator\IdeaProjects\zookeeper\project, plugins: List(<none>))) took 3.737842ms
[debug] [Loading] Done in C:\Users\Administrator\IdeaProjects\zookeeper\project, returning: (zookeeper-build)
[debug]           Load.loadUnit: loadedProjectsRaw took 5.210143ms
[debug]           Load.loadUnit: cleanEvalClasses took 0.011719ms
[debug]         Load.loadUnit(file:/C:/Users/Administrator/IdeaProjects/zookeeper/project/, ...) took 33.425737ms
[debug]       Load.apply: load took 34.476781ms
[debug]       Load.apply: resolveProjects took 0.095549ms
[debug]       Load.apply: finalTransforms took 8.774313ms
[debug]       Load.apply: config.delegates took 0.350048ms
[debug]       Load.apply: Def.make(settings)... took 70.109168ms
[debug]       Load.apply: structureIndex took 21.61608ms
[debug]       Load.apply: mkStreams took 0.001803ms
[info] loading project definition from C:\Users\Administrator\IdeaProjects\zookeeper\project
[debug] Running task... Cancel: Signal, check cycles: false, forcegc: true
[debug]     Load.loadUnit: plugins took 328.407836ms
[debug]     Load.loadUnit: defsScala took 0.002703ms
[debug] [Loading] Scanning directory C:\Users\Administrator\IdeaProjects\zookeeper
[debug]       Load.loadUnit: mkEval took 6.035232ms
[debug] [Loading] Found non-root projects 
[debug] [Loading] Done in C:\Users\Administrator\IdeaProjects\zookeeper, returning: ()
[debug] deducing auto plugins based on known facts Set(Atom(sbt.plugins.CorePlugin)) and clauses Clauses(List(Clause(Atom(sbt.plugins.JvmPlugin),Set(Atom(sbt.plugins.IvyPlugin))), Clause(Atom(sbt.ScriptedPlugin),Set(Atom(sbt.plugins.JvmPlugin))), Clause(Atom(sbt.plugins.SbtPlugin),Set(Atom(sbt.ScriptedPlugin))), Clause(Atom(sbt.plugins.SemanticdbPlugin),Set(Atom(sbt.plugins.JvmPlugin))), Clause(Atom(sbt.plugins.JUnitXmlReportPlugin),Set(Atom(sbt.plugins.JvmPlugin))), Clause(Atom(sbt.plugins.MiniDependencyTreePlugin),Set(Atom(sbt.plugins.JvmPlugin))), Clause(Atom(sbt.plugins.CorePlugin),Set(Atom(sbt.plugins.IvyPlugin))), Clause(Atom(sbt.plugins.IvyPlugin),Set(Atom(sbt.plugins.JvmPlugin))), Clause(Atom(sbt.plugins.JvmPlugin),Set(Atom(sbt.plugins.SemanticdbPlugin))), Clause(Atom(sbt.plugins.JvmPlugin),Set(Atom(sbt.plugins.JUnitXmlReportPlugin))), Clause(Atom(sbt.plugins.CorePlugin),Set(Atom(sbt.plugins.Giter8TemplatePlugin))), Clause(Atom(sbt.plugins.JvmPlugin),Set(Atom(sbt.plugins.MiniDependencyTreePlugin)))))
[debug]   :: deduced result: Matched(sbt.plugins.CorePlugin,sbt.plugins.Giter8TemplatePlugin,sbt.plugins.IvyPlugin,sbt.plugins.JvmPlugin,sbt.plugins.MiniDependencyTreePlugin,sbt.plugins.JUnitXmlReportPlugin,sbt.plugins.SemanticdbPlugin)
[debug] Plugins.deducer#function took 1.393277 ms
[info] loading settings for project zookeeper from build.sbt ...
[debug]         Load.resolveProject(zookeeper) took 3.669635ms
[debug]       Load.loadTransitive: finalizeProject(Project(id zookeeper, base: C:\Users\Administrator\IdeaProjects\zookeeper, plugins: List(<none>))) took 5.587832ms
[debug] [Loading] Done in C:\Users\Administrator\IdeaProjects\zookeeper, returning: (zookeeper)
[debug]     Load.loadUnit: loadedProjectsRaw took 1872.301332ms
[debug]     Load.loadUnit: cleanEvalClasses took 14.220022ms
[debug]   Load.loadUnit(file:/C:/Users/Administrator/IdeaProjects/zookeeper/, ...) took 2215.739859ms
[debug] Load.apply: load took 2216.909587ms
[debug] Load.apply: resolveProjects took 0.09495ms
[debug] Load.apply: finalTransforms took 7.343175ms
[debug] Load.apply: config.delegates took 0.365973ms
[debug] Load.apply: Def.make(settings)... took 106.175431ms
[debug] Load.apply: structureIndex took 28.145886ms
[debug] Load.apply: mkStreams took 0.003306ms
[info] set current project to zookeeper (in build file:/C:/Users/Administrator/IdeaProjects/zookeeper/)
[debug] > Exec(sbtPopOnFailure, None, None)
[debug] > Exec(resumeFromFailure, None, None)
[debug] > Exec(notifyUsersAboutShell, None, None)
[debug] > Exec(iflast shell, None, None)
[debug] > Exec(shell, None, None)
[info] sbt server started at local:sbt-server-77d0b77395c48c5b4494
